<?xml version="1.0" encoding="UTF-8"?>
<testng-results skipped="0" failed="0" total="1" passed="1">
  <reporter-output>
  </reporter-output>
  <suite name="Suite" duration-ms="7337" started-at="2021-01-22T15:58:08Z" finished-at="2021-01-22T15:58:15Z">
    <groups>
    </groups>
    <test name="Test" duration-ms="7337" started-at="2021-01-22T15:58:08Z" finished-at="2021-01-22T15:58:15Z">
      <class name="test.TESTAutotimeLogin">
        <test-method status="PASS" signature="openbrowser()[pri:0, instance:test.TESTAutotimeLogin@6325a3ee]" name="openbrowser" is-config="true" duration-ms="5773" started-at="2021-01-22T10:58:08Z" finished-at="2021-01-22T10:58:14Z">
          <reporter-output>
          </reporter-output>
        </test-method> <!-- openbrowser -->
        <test-method status="PASS" signature="login()[pri:0, instance:test.TESTAutotimeLogin@6325a3ee]" name="login" duration-ms="1551" started-at="2021-01-22T10:58:14Z" finished-at="2021-01-22T10:58:15Z">
          <reporter-output>
          </reporter-output>
        </test-method> <!-- login -->
      </class> <!-- test.TESTAutotimeLogin -->
    </test> <!-- Test -->
  </suite> <!-- Suite -->
</testng-results>
